Compiling the C compiler identification source file "CMakeCCompilerId.c" failed.
Compiler: /home/nicholas/development/swift/tm4c-first-boot-app/xpacks/.bin/arm-none-eabi-gcc 
Build flags: 
Id flags:  

The output was:
1
/home/nicholas/.local/xPacks/@xpack-dev-tools/arm-none-eabi-gcc/10.2.1-1.1.2/.content/bin/../lib/gcc/arm-none-eabi/10.2.1/../../../../arm-none-eabi/bin/ld: /home/nicholas/.local/xPacks/@xpack-dev-tools/arm-none-eabi-gcc/10.2.1-1.1.2/.content/bin/../lib/gcc/arm-none-eabi/10.2.1/../../../../arm-none-eabi/lib/libc.a(lib_a-exit.o): in function `exit':
exit.c:(.text.exit+0x2c): undefined reference to `_exit'
/home/nicholas/.local/xPacks/@xpack-dev-tools/arm-none-eabi-gcc/10.2.1-1.1.2/.content/bin/../lib/gcc/arm-none-eabi/10.2.1/../../../../arm-none-eabi/bin/ld: /home/nicholas/.local/xPacks/@xpack-dev-tools/arm-none-eabi-gcc/10.2.1-1.1.2/.content/bin/../lib/gcc/arm-none-eabi/10.2.1/../../../../arm-none-eabi/lib/libc.a(lib_a-abort.o): in function `abort':
abort.c:(.text.abort+0x10): undefined reference to `_exit'
/home/nicholas/.local/xPacks/@xpack-dev-tools/arm-none-eabi-gcc/10.2.1-1.1.2/.content/bin/../lib/gcc/arm-none-eabi/10.2.1/../../../../arm-none-eabi/bin/ld: /home/nicholas/.local/xPacks/@xpack-dev-tools/arm-none-eabi-gcc/10.2.1-1.1.2/.content/bin/../lib/gcc/arm-none-eabi/10.2.1/../../../../arm-none-eabi/lib/libc.a(lib_a-signalr.o): in function `_kill_r':
signalr.c:(.text._kill_r+0x1c): undefined reference to `_kill'
/home/nicholas/.local/xPacks/@xpack-dev-tools/arm-none-eabi-gcc/10.2.1-1.1.2/.content/bin/../lib/gcc/arm-none-eabi/10.2.1/../../../../arm-none-eabi/bin/ld: /home/nicholas/.local/xPacks/@xpack-dev-tools/arm-none-eabi-gcc/10.2.1-1.1.2/.content/bin/../lib/gcc/arm-none-eabi/10.2.1/../../../../arm-none-eabi/lib/libc.a(lib_a-signalr.o): in function `_getpid_r':
signalr.c:(.text._getpid_r+0x4): undefined reference to `_getpid'
/home/nicholas/.local/xPacks/@xpack-dev-tools/arm-none-eabi-gcc/10.2.1-1.1.2/.content/bin/../lib/gcc/arm-none-eabi/10.2.1/../../../../arm-none-eabi/bin/ld: /home/nicholas/.local/xPacks/@xpack-dev-tools/arm-none-eabi-gcc/10.2.1-1.1.2/.content/bin/../lib/gcc/arm-none-eabi/10.2.1/../../../../arm-none-eabi/lib/libc.a(lib_a-sbrkr.o): in function `_sbrk_r':
sbrkr.c:(.text._sbrk_r+0x18): undefined reference to `_sbrk'
collect2: error: ld returned 1 exit status


Compiling the CXX compiler identification source file "CMakeCXXCompilerId.cpp" failed.
Compiler: /home/nicholas/development/swift/tm4c-first-boot-app/xpacks/.bin/arm-none-eabi-g++ 
Build flags: 
Id flags:  

The output was:
1
/home/nicholas/.local/xPacks/@xpack-dev-tools/arm-none-eabi-gcc/10.2.1-1.1.2/.content/bin/../lib/gcc/arm-none-eabi/10.2.1/../../../../arm-none-eabi/bin/ld: /home/nicholas/.local/xPacks/@xpack-dev-tools/arm-none-eabi-gcc/10.2.1-1.1.2/.content/bin/../lib/gcc/arm-none-eabi/10.2.1/../../../../arm-none-eabi/lib/libc.a(lib_a-exit.o): in function `exit':
exit.c:(.text.exit+0x2c): undefined reference to `_exit'
/home/nicholas/.local/xPacks/@xpack-dev-tools/arm-none-eabi-gcc/10.2.1-1.1.2/.content/bin/../lib/gcc/arm-none-eabi/10.2.1/../../../../arm-none-eabi/bin/ld: /home/nicholas/.local/xPacks/@xpack-dev-tools/arm-none-eabi-gcc/10.2.1-1.1.2/.content/bin/../lib/gcc/arm-none-eabi/10.2.1/../../../../arm-none-eabi/lib/libc.a(lib_a-abort.o): in function `abort':
abort.c:(.text.abort+0x10): undefined reference to `_exit'
/home/nicholas/.local/xPacks/@xpack-dev-tools/arm-none-eabi-gcc/10.2.1-1.1.2/.content/bin/../lib/gcc/arm-none-eabi/10.2.1/../../../../arm-none-eabi/bin/ld: /home/nicholas/.local/xPacks/@xpack-dev-tools/arm-none-eabi-gcc/10.2.1-1.1.2/.content/bin/../lib/gcc/arm-none-eabi/10.2.1/../../../../arm-none-eabi/lib/libc.a(lib_a-signalr.o): in function `_kill_r':
signalr.c:(.text._kill_r+0x1c): undefined reference to `_kill'
/home/nicholas/.local/xPacks/@xpack-dev-tools/arm-none-eabi-gcc/10.2.1-1.1.2/.content/bin/../lib/gcc/arm-none-eabi/10.2.1/../../../../arm-none-eabi/bin/ld: /home/nicholas/.local/xPacks/@xpack-dev-tools/arm-none-eabi-gcc/10.2.1-1.1.2/.content/bin/../lib/gcc/arm-none-eabi/10.2.1/../../../../arm-none-eabi/lib/libc.a(lib_a-signalr.o): in function `_getpid_r':
signalr.c:(.text._getpid_r+0x4): undefined reference to `_getpid'
/home/nicholas/.local/xPacks/@xpack-dev-tools/arm-none-eabi-gcc/10.2.1-1.1.2/.content/bin/../lib/gcc/arm-none-eabi/10.2.1/../../../../arm-none-eabi/bin/ld: /home/nicholas/.local/xPacks/@xpack-dev-tools/arm-none-eabi-gcc/10.2.1-1.1.2/.content/bin/../lib/gcc/arm-none-eabi/10.2.1/../../../../arm-none-eabi/lib/libc.a(lib_a-sbrkr.o): in function `_sbrk_r':
sbrkr.c:(.text._sbrk_r+0x18): undefined reference to `_sbrk'
collect2: error: ld returned 1 exit status


