The target system is: cortexm4f -  - ARM
The host system is: Linux - 5.11.0-40-generic - x86_64
Compiling the C compiler identification source file "CMakeCCompilerId.c" succeeded.
Compiler: /home/nicholas/development/swift/tm4c-first-boot-app/xpacks/.bin/arm-none-eabi-gcc 
Build flags: 
Id flags: -c 

The output was:
0


Compilation of the C compiler identification source "CMakeCCompilerId.c" produced "CMakeCCompilerId.o"

The C compiler identification is GNU, found in "/home/nicholas/development/swift/tm4c-first-boot-app/build/debug/CMakeFiles/3.19.8-g290a19d/CompilerIdC/CMakeCCompilerId.o"

Compiling the CXX compiler identification source file "CMakeCXXCompilerId.cpp" succeeded.
Compiler: /home/nicholas/development/swift/tm4c-first-boot-app/xpacks/.bin/arm-none-eabi-g++ 
Build flags: 
Id flags: -c 

The output was:
0


Compilation of the CXX compiler identification source "CMakeCXXCompilerId.cpp" produced "CMakeCXXCompilerId.o"

The CXX compiler identification is GNU, found in "/home/nicholas/development/swift/tm4c-first-boot-app/build/debug/CMakeFiles/3.19.8-g290a19d/CompilerIdCXX/CMakeCXXCompilerId.o"

Detecting C compiler ABI info compiled with the following output:
Change Dir: /home/nicholas/development/swift/tm4c-first-boot-app/build/debug/CMakeFiles/CMakeTmp

Run Build Command(s):/usr/bin/make cmTC_74cf4/fast && /usr/bin/make  -f CMakeFiles/cmTC_74cf4.dir/build.make CMakeFiles/cmTC_74cf4.dir/build
make[1]: Entering directory '/home/nicholas/development/swift/tm4c-first-boot-app/build/debug/CMakeFiles/CMakeTmp'
Building C object CMakeFiles/cmTC_74cf4.dir/CMakeCCompilerABI.c.o
arm-none-eabi-gcc   -mthumb -mcpu=cortex-m4 -mfpu=fpv4-sp-d16 -mfloat-abi=hard -march=armv7e-m+fp -std=gnu99 -ffunction-sections -fdata-sections -MD -Wall -pedantic    -v -o CMakeFiles/cmTC_74cf4.dir/CMakeCCompilerABI.c.o -c /home/nicholas/.local/xPacks/@xpack-dev-tools/cmake/3.19.8-1.1/.content/share/cmake-3.19/Modules/CMakeCCompilerABI.c
Using built-in specs.
COLLECT_GCC=arm-none-eabi-gcc
Target: arm-none-eabi
Configured with: /Host/home/ilg/Work/arm-none-eabi-gcc-10.2.1-1.1/sources/gcc/configure --prefix=/Host/home/ilg/Work/arm-none-eabi-gcc-10.2.1-1.1/linux-x64/install/arm-none-eabi-gcc --infodir=/Host/home/ilg/Work/arm-none-eabi-gcc-10.2.1-1.1/linux-x64/install/arm-none-eabi-gcc/share/doc/info --mandir=/Host/home/ilg/Work/arm-none-eabi-gcc-10.2.1-1.1/linux-x64/install/arm-none-eabi-gcc/share/doc/man --htmldir=/Host/home/ilg/Work/arm-none-eabi-gcc-10.2.1-1.1/linux-x64/install/arm-none-eabi-gcc/share/doc/html --pdfdir=/Host/home/ilg/Work/arm-none-eabi-gcc-10.2.1-1.1/linux-x64/install/arm-none-eabi-gcc/share/doc/pdf --build=x86_64-unknown-linux-gnu --host=x86_64-unknown-linux-gnu --target=arm-none-eabi --with-pkgversion='xPack GNU Arm Embedded GCC\x2C 64-bit' --enable-languages=c,c++ --disable-mingw-wildcard --enable-plugins --enable-lto --disable-decimal-float --disable-libffi --disable-libgomp --disable-libmudflap --disable-libquadmath --disable-libssp --disable-libstdcxx-pch --disable-nls --disable-threads --disable-tls --with-gnu-as --with-gnu-ld --with-newlib --with-headers=yes --with-python-dir=share/gcc-arm-none-eabi --with-sysroot=/Host/home/ilg/Work/arm-none-eabi-gcc-10.2.1-1.1/linux-x64/install/arm-none-eabi-gcc/arm-none-eabi --with-native-system-header-dir=/include --with-multilib-list=rmprofile --disable-build-format-warnings --with-system-zlib
Thread model: single
Supported LTO compression algorithms: zlib
gcc version 10.2.1 20201103 (release) (xPack GNU Arm Embedded GCC, 64-bit) 
COLLECT_GCC_OPTIONS='-mthumb' '-mcpu=cortex-m4' '-mfpu=fpv4-sp-d16' '-mfloat-abi=hard'  '-std=gnu99' '-ffunction-sections' '-fdata-sections' '-MD' '-Wall' '-Wpedantic' '-v' '-o' 'CMakeFiles/cmTC_74cf4.dir/CMakeCCompilerABI.c.o' '-c' '-march=armv7e-m+fp'
 /home/nicholas/.local/xPacks/@xpack-dev-tools/arm-none-eabi-gcc/10.2.1-1.1.2/.content/bin/../libexec/gcc/arm-none-eabi/10.2.1/cc1 -quiet -v -imultilib thumb/v7e-m+fp/hard -iprefix /home/nicholas/.local/xPacks/@xpack-dev-tools/arm-none-eabi-gcc/10.2.1-1.1.2/.content/bin/../lib/gcc/arm-none-eabi/10.2.1/ -isysroot /home/nicholas/.local/xPacks/@xpack-dev-tools/arm-none-eabi-gcc/10.2.1-1.1.2/.content/bin/../arm-none-eabi -MD CMakeFiles/cmTC_74cf4.dir/CMakeCCompilerABI.c.d -MQ CMakeFiles/cmTC_74cf4.dir/CMakeCCompilerABI.c.o -D__USES_INITFINI__ /home/nicholas/.local/xPacks/@xpack-dev-tools/cmake/3.19.8-1.1/.content/share/cmake-3.19/Modules/CMakeCCompilerABI.c -quiet -dumpbase CMakeCCompilerABI.c -mthumb -mcpu=cortex-m4 -mfpu=fpv4-sp-d16 -mfloat-abi=hard -march=armv7e-m+fp -auxbase-strip CMakeFiles/cmTC_74cf4.dir/CMakeCCompilerABI.c.o -Wall -Wpedantic -std=gnu99 -version -ffunction-sections -fdata-sections -o /tmp/ccAKm4PX.s
GNU C99 (xPack GNU Arm Embedded GCC, 64-bit) version 10.2.1 20201103 (release) (arm-none-eabi)
	compiled by GNU C version 9.3.0, GMP version 6.1.0, MPFR version 3.1.4, MPC version 1.0.3, isl version isl-0.18-GMP

GGC heuristics: --param ggc-min-expand=100 --param ggc-min-heapsize=131072
ignoring duplicate directory "/home/nicholas/.local/xPacks/@xpack-dev-tools/arm-none-eabi-gcc/10.2.1-1.1.2/.content/bin/../lib/gcc/../../lib/gcc/arm-none-eabi/10.2.1/include"
ignoring nonexistent directory "/home/nicholas/.local/xPacks/@xpack-dev-tools/arm-none-eabi-gcc/10.2.1-1.1.2/.content/bin/../arm-none-eabi/usr/local/include"
ignoring duplicate directory "/home/nicholas/.local/xPacks/@xpack-dev-tools/arm-none-eabi-gcc/10.2.1-1.1.2/.content/bin/../lib/gcc/../../lib/gcc/arm-none-eabi/10.2.1/include-fixed"
ignoring duplicate directory "/home/nicholas/.local/xPacks/@xpack-dev-tools/arm-none-eabi-gcc/10.2.1-1.1.2/.content/bin/../lib/gcc/../../lib/gcc/arm-none-eabi/10.2.1/../../../../arm-none-eabi/include"
ignoring duplicate directory "/home/nicholas/.local/xPacks/@xpack-dev-tools/arm-none-eabi-gcc/10.2.1-1.1.2/.content/bin/../arm-none-eabi/include"
#include "..." search starts here:
#include <...> search starts here:
 /home/nicholas/.local/xPacks/@xpack-dev-tools/arm-none-eabi-gcc/10.2.1-1.1.2/.content/bin/../lib/gcc/arm-none-eabi/10.2.1/include
 /home/nicholas/.local/xPacks/@xpack-dev-tools/arm-none-eabi-gcc/10.2.1-1.1.2/.content/bin/../lib/gcc/arm-none-eabi/10.2.1/include-fixed
 /home/nicholas/.local/xPacks/@xpack-dev-tools/arm-none-eabi-gcc/10.2.1-1.1.2/.content/bin/../lib/gcc/arm-none-eabi/10.2.1/../../../../arm-none-eabi/include
End of search list.
GNU C99 (xPack GNU Arm Embedded GCC, 64-bit) version 10.2.1 20201103 (release) (arm-none-eabi)
	compiled by GNU C version 9.3.0, GMP version 6.1.0, MPFR version 3.1.4, MPC version 1.0.3, isl version isl-0.18-GMP

GGC heuristics: --param ggc-min-expand=100 --param ggc-min-heapsize=131072
Compiler executable checksum: 96eddeb78d3c9d0df72fcf03c1da6b7c
COLLECT_GCC_OPTIONS='-mthumb' '-mcpu=cortex-m4' '-mfpu=fpv4-sp-d16' '-mfloat-abi=hard'  '-std=gnu99' '-ffunction-sections' '-fdata-sections' '-MD' '-Wall' '-Wpedantic' '-v' '-o' 'CMakeFiles/cmTC_74cf4.dir/CMakeCCompilerABI.c.o' '-c' '-march=armv7e-m+fp'
 /home/nicholas/.local/xPacks/@xpack-dev-tools/arm-none-eabi-gcc/10.2.1-1.1.2/.content/bin/../lib/gcc/arm-none-eabi/10.2.1/../../../../arm-none-eabi/bin/as -v -march=armv7e-m -mfloat-abi=hard -mfpu=fpv4-sp-d16 -meabi=5 -o CMakeFiles/cmTC_74cf4.dir/CMakeCCompilerABI.c.o /tmp/ccAKm4PX.s
GNU assembler version 2.35.1 (arm-none-eabi) using BFD version (xPack GNU Arm Embedded GCC, 64-bit) 2.35.1.20201028
COMPILER_PATH=/home/nicholas/.local/xPacks/@xpack-dev-tools/arm-none-eabi-gcc/10.2.1-1.1.2/.content/bin/../libexec/gcc/arm-none-eabi/10.2.1/:/home/nicholas/.local/xPacks/@xpack-dev-tools/arm-none-eabi-gcc/10.2.1-1.1.2/.content/bin/../libexec/gcc/:/home/nicholas/.local/xPacks/@xpack-dev-tools/arm-none-eabi-gcc/10.2.1-1.1.2/.content/bin/../lib/gcc/arm-none-eabi/10.2.1/../../../../arm-none-eabi/bin/
LIBRARY_PATH=/home/nicholas/.local/xPacks/@xpack-dev-tools/arm-none-eabi-gcc/10.2.1-1.1.2/.content/bin/../lib/gcc/arm-none-eabi/10.2.1/thumb/v7e-m+fp/hard/:/home/nicholas/.local/xPacks/@xpack-dev-tools/arm-none-eabi-gcc/10.2.1-1.1.2/.content/bin/../lib/gcc/arm-none-eabi/10.2.1/../../../../arm-none-eabi/lib/thumb/v7e-m+fp/hard/:/home/nicholas/.local/xPacks/@xpack-dev-tools/arm-none-eabi-gcc/10.2.1-1.1.2/.content/bin/../arm-none-eabi/lib/thumb/v7e-m+fp/hard/:/home/nicholas/.local/xPacks/@xpack-dev-tools/arm-none-eabi-gcc/10.2.1-1.1.2/.content/bin/../lib/gcc/arm-none-eabi/10.2.1/:/home/nicholas/.local/xPacks/@xpack-dev-tools/arm-none-eabi-gcc/10.2.1-1.1.2/.content/bin/../lib/gcc/:/home/nicholas/.local/xPacks/@xpack-dev-tools/arm-none-eabi-gcc/10.2.1-1.1.2/.content/bin/../lib/gcc/arm-none-eabi/10.2.1/../../../../arm-none-eabi/lib/:/home/nicholas/.local/xPacks/@xpack-dev-tools/arm-none-eabi-gcc/10.2.1-1.1.2/.content/bin/../arm-none-eabi/lib/
COLLECT_GCC_OPTIONS='-mthumb' '-mcpu=cortex-m4' '-mfpu=fpv4-sp-d16' '-mfloat-abi=hard'  '-std=gnu99' '-ffunction-sections' '-fdata-sections' '-MD' '-Wall' '-Wpedantic' '-v' '-o' 'CMakeFiles/cmTC_74cf4.dir/CMakeCCompilerABI.c.o' '-c' '-march=armv7e-m+fp'
Linking C static library libcmTC_74cf4.a
/home/nicholas/.local/xPacks/@xpack-dev-tools/cmake/3.19.8-1.1/.content/bin/cmake -P CMakeFiles/cmTC_74cf4.dir/cmake_clean_target.cmake
/home/nicholas/.local/xPacks/@xpack-dev-tools/cmake/3.19.8-1.1/.content/bin/cmake -E cmake_link_script CMakeFiles/cmTC_74cf4.dir/link.txt --verbose=1
arm-none-eabi-ar qc libcmTC_74cf4.a CMakeFiles/cmTC_74cf4.dir/CMakeCCompilerABI.c.o
/home/nicholas/development/swift/tm4c-first-boot-app/xpacks/.bin/arm-none-eabi-ranlib libcmTC_74cf4.a
make[1]: Leaving directory '/home/nicholas/development/swift/tm4c-first-boot-app/build/debug/CMakeFiles/CMakeTmp'



Parsed C implicit include dir info from above output: rv=done
  found start of include info
  found start of implicit include info
    add: [/home/nicholas/.local/xPacks/@xpack-dev-tools/arm-none-eabi-gcc/10.2.1-1.1.2/.content/bin/../lib/gcc/arm-none-eabi/10.2.1/include]
    add: [/home/nicholas/.local/xPacks/@xpack-dev-tools/arm-none-eabi-gcc/10.2.1-1.1.2/.content/bin/../lib/gcc/arm-none-eabi/10.2.1/include-fixed]
    add: [/home/nicholas/.local/xPacks/@xpack-dev-tools/arm-none-eabi-gcc/10.2.1-1.1.2/.content/bin/../lib/gcc/arm-none-eabi/10.2.1/../../../../arm-none-eabi/include]
  end of search list found
  collapse include dir [/home/nicholas/.local/xPacks/@xpack-dev-tools/arm-none-eabi-gcc/10.2.1-1.1.2/.content/bin/../lib/gcc/arm-none-eabi/10.2.1/include] ==> [/home/nicholas/.local/xPacks/@xpack-dev-tools/arm-none-eabi-gcc/10.2.1-1.1.2/.content/lib/gcc/arm-none-eabi/10.2.1/include]
  collapse include dir [/home/nicholas/.local/xPacks/@xpack-dev-tools/arm-none-eabi-gcc/10.2.1-1.1.2/.content/bin/../lib/gcc/arm-none-eabi/10.2.1/include-fixed] ==> [/home/nicholas/.local/xPacks/@xpack-dev-tools/arm-none-eabi-gcc/10.2.1-1.1.2/.content/lib/gcc/arm-none-eabi/10.2.1/include-fixed]
  collapse include dir [/home/nicholas/.local/xPacks/@xpack-dev-tools/arm-none-eabi-gcc/10.2.1-1.1.2/.content/bin/../lib/gcc/arm-none-eabi/10.2.1/../../../../arm-none-eabi/include] ==> [/home/nicholas/.local/xPacks/@xpack-dev-tools/arm-none-eabi-gcc/10.2.1-1.1.2/.content/arm-none-eabi/include]
  implicit include dirs: [/home/nicholas/.local/xPacks/@xpack-dev-tools/arm-none-eabi-gcc/10.2.1-1.1.2/.content/lib/gcc/arm-none-eabi/10.2.1/include;/home/nicholas/.local/xPacks/@xpack-dev-tools/arm-none-eabi-gcc/10.2.1-1.1.2/.content/lib/gcc/arm-none-eabi/10.2.1/include-fixed;/home/nicholas/.local/xPacks/@xpack-dev-tools/arm-none-eabi-gcc/10.2.1-1.1.2/.content/arm-none-eabi/include]


Parsed C implicit link information from above output:
  link line regex: [^( *|.*[/\])(arm-none-eabi-ld|CMAKE_LINK_STARTFILE-NOTFOUND|([^/\]+-)?ld|collect2)[^/\]*( |$)]
  ignore line: [Change Dir: /home/nicholas/development/swift/tm4c-first-boot-app/build/debug/CMakeFiles/CMakeTmp]
  ignore line: []
  ignore line: [Run Build Command(s):/usr/bin/make cmTC_74cf4/fast && /usr/bin/make  -f CMakeFiles/cmTC_74cf4.dir/build.make CMakeFiles/cmTC_74cf4.dir/build]
  ignore line: [make[1]: Entering directory '/home/nicholas/development/swift/tm4c-first-boot-app/build/debug/CMakeFiles/CMakeTmp']
  ignore line: [Building C object CMakeFiles/cmTC_74cf4.dir/CMakeCCompilerABI.c.o]
  ignore line: [arm-none-eabi-gcc   -mthumb -mcpu=cortex-m4 -mfpu=fpv4-sp-d16 -mfloat-abi=hard -march=armv7e-m+fp -std=gnu99 -ffunction-sections -fdata-sections -MD -Wall -pedantic    -v -o CMakeFiles/cmTC_74cf4.dir/CMakeCCompilerABI.c.o -c /home/nicholas/.local/xPacks/@xpack-dev-tools/cmake/3.19.8-1.1/.content/share/cmake-3.19/Modules/CMakeCCompilerABI.c]
  ignore line: [Using built-in specs.]
  ignore line: [COLLECT_GCC=arm-none-eabi-gcc]
  ignore line: [Target: arm-none-eabi]
  ignore line: [Configured with: /Host/home/ilg/Work/arm-none-eabi-gcc-10.2.1-1.1/sources/gcc/configure --prefix=/Host/home/ilg/Work/arm-none-eabi-gcc-10.2.1-1.1/linux-x64/install/arm-none-eabi-gcc --infodir=/Host/home/ilg/Work/arm-none-eabi-gcc-10.2.1-1.1/linux-x64/install/arm-none-eabi-gcc/share/doc/info --mandir=/Host/home/ilg/Work/arm-none-eabi-gcc-10.2.1-1.1/linux-x64/install/arm-none-eabi-gcc/share/doc/man --htmldir=/Host/home/ilg/Work/arm-none-eabi-gcc-10.2.1-1.1/linux-x64/install/arm-none-eabi-gcc/share/doc/html --pdfdir=/Host/home/ilg/Work/arm-none-eabi-gcc-10.2.1-1.1/linux-x64/install/arm-none-eabi-gcc/share/doc/pdf --build=x86_64-unknown-linux-gnu --host=x86_64-unknown-linux-gnu --target=arm-none-eabi --with-pkgversion='xPack GNU Arm Embedded GCC\x2C 64-bit' --enable-languages=c,c++ --disable-mingw-wildcard --enable-plugins --enable-lto --disable-decimal-float --disable-libffi --disable-libgomp --disable-libmudflap --disable-libquadmath --disable-libssp --disable-libstdcxx-pch --disable-nls --disable-threads --disable-tls --with-gnu-as --with-gnu-ld --with-newlib --with-headers=yes --with-python-dir=share/gcc-arm-none-eabi --with-sysroot=/Host/home/ilg/Work/arm-none-eabi-gcc-10.2.1-1.1/linux-x64/install/arm-none-eabi-gcc/arm-none-eabi --with-native-system-header-dir=/include --with-multilib-list=rmprofile --disable-build-format-warnings --with-system-zlib]
  ignore line: [Thread model: single]
  ignore line: [Supported LTO compression algorithms: zlib]
  ignore line: [gcc version 10.2.1 20201103 (release) (xPack GNU Arm Embedded GCC  64-bit) ]
  ignore line: [COLLECT_GCC_OPTIONS='-mthumb' '-mcpu=cortex-m4' '-mfpu=fpv4-sp-d16' '-mfloat-abi=hard'  '-std=gnu99' '-ffunction-sections' '-fdata-sections' '-MD' '-Wall' '-Wpedantic' '-v' '-o' 'CMakeFiles/cmTC_74cf4.dir/CMakeCCompilerABI.c.o' '-c' '-march=armv7e-m+fp']
  ignore line: [ /home/nicholas/.local/xPacks/@xpack-dev-tools/arm-none-eabi-gcc/10.2.1-1.1.2/.content/bin/../libexec/gcc/arm-none-eabi/10.2.1/cc1 -quiet -v -imultilib thumb/v7e-m+fp/hard -iprefix /home/nicholas/.local/xPacks/@xpack-dev-tools/arm-none-eabi-gcc/10.2.1-1.1.2/.content/bin/../lib/gcc/arm-none-eabi/10.2.1/ -isysroot /home/nicholas/.local/xPacks/@xpack-dev-tools/arm-none-eabi-gcc/10.2.1-1.1.2/.content/bin/../arm-none-eabi -MD CMakeFiles/cmTC_74cf4.dir/CMakeCCompilerABI.c.d -MQ CMakeFiles/cmTC_74cf4.dir/CMakeCCompilerABI.c.o -D__USES_INITFINI__ /home/nicholas/.local/xPacks/@xpack-dev-tools/cmake/3.19.8-1.1/.content/share/cmake-3.19/Modules/CMakeCCompilerABI.c -quiet -dumpbase CMakeCCompilerABI.c -mthumb -mcpu=cortex-m4 -mfpu=fpv4-sp-d16 -mfloat-abi=hard -march=armv7e-m+fp -auxbase-strip CMakeFiles/cmTC_74cf4.dir/CMakeCCompilerABI.c.o -Wall -Wpedantic -std=gnu99 -version -ffunction-sections -fdata-sections -o /tmp/ccAKm4PX.s]
  ignore line: [GNU C99 (xPack GNU Arm Embedded GCC  64-bit) version 10.2.1 20201103 (release) (arm-none-eabi)]
  ignore line: [	compiled by GNU C version 9.3.0  GMP version 6.1.0  MPFR version 3.1.4  MPC version 1.0.3  isl version isl-0.18-GMP]
  ignore line: []
  ignore line: [GGC heuristics: --param ggc-min-expand=100 --param ggc-min-heapsize=131072]
  ignore line: [ignoring duplicate directory "/home/nicholas/.local/xPacks/@xpack-dev-tools/arm-none-eabi-gcc/10.2.1-1.1.2/.content/bin/../lib/gcc/../../lib/gcc/arm-none-eabi/10.2.1/include"]
  ignore line: [ignoring nonexistent directory "/home/nicholas/.local/xPacks/@xpack-dev-tools/arm-none-eabi-gcc/10.2.1-1.1.2/.content/bin/../arm-none-eabi/usr/local/include"]
  ignore line: [ignoring duplicate directory "/home/nicholas/.local/xPacks/@xpack-dev-tools/arm-none-eabi-gcc/10.2.1-1.1.2/.content/bin/../lib/gcc/../../lib/gcc/arm-none-eabi/10.2.1/include-fixed"]
  ignore line: [ignoring duplicate directory "/home/nicholas/.local/xPacks/@xpack-dev-tools/arm-none-eabi-gcc/10.2.1-1.1.2/.content/bin/../lib/gcc/../../lib/gcc/arm-none-eabi/10.2.1/../../../../arm-none-eabi/include"]
  ignore line: [ignoring duplicate directory "/home/nicholas/.local/xPacks/@xpack-dev-tools/arm-none-eabi-gcc/10.2.1-1.1.2/.content/bin/../arm-none-eabi/include"]
  ignore line: [#include "..." search starts here:]
  ignore line: [#include <...> search starts here:]
  ignore line: [ /home/nicholas/.local/xPacks/@xpack-dev-tools/arm-none-eabi-gcc/10.2.1-1.1.2/.content/bin/../lib/gcc/arm-none-eabi/10.2.1/include]
  ignore line: [ /home/nicholas/.local/xPacks/@xpack-dev-tools/arm-none-eabi-gcc/10.2.1-1.1.2/.content/bin/../lib/gcc/arm-none-eabi/10.2.1/include-fixed]
  ignore line: [ /home/nicholas/.local/xPacks/@xpack-dev-tools/arm-none-eabi-gcc/10.2.1-1.1.2/.content/bin/../lib/gcc/arm-none-eabi/10.2.1/../../../../arm-none-eabi/include]
  ignore line: [End of search list.]
  ignore line: [GNU C99 (xPack GNU Arm Embedded GCC  64-bit) version 10.2.1 20201103 (release) (arm-none-eabi)]
  ignore line: [	compiled by GNU C version 9.3.0  GMP version 6.1.0  MPFR version 3.1.4  MPC version 1.0.3  isl version isl-0.18-GMP]
  ignore line: []
  ignore line: [GGC heuristics: --param ggc-min-expand=100 --param ggc-min-heapsize=131072]
  ignore line: [Compiler executable checksum: 96eddeb78d3c9d0df72fcf03c1da6b7c]
  ignore line: [COLLECT_GCC_OPTIONS='-mthumb' '-mcpu=cortex-m4' '-mfpu=fpv4-sp-d16' '-mfloat-abi=hard'  '-std=gnu99' '-ffunction-sections' '-fdata-sections' '-MD' '-Wall' '-Wpedantic' '-v' '-o' 'CMakeFiles/cmTC_74cf4.dir/CMakeCCompilerABI.c.o' '-c' '-march=armv7e-m+fp']
  ignore line: [ /home/nicholas/.local/xPacks/@xpack-dev-tools/arm-none-eabi-gcc/10.2.1-1.1.2/.content/bin/../lib/gcc/arm-none-eabi/10.2.1/../../../../arm-none-eabi/bin/as -v -march=armv7e-m -mfloat-abi=hard -mfpu=fpv4-sp-d16 -meabi=5 -o CMakeFiles/cmTC_74cf4.dir/CMakeCCompilerABI.c.o /tmp/ccAKm4PX.s]
  ignore line: [GNU assembler version 2.35.1 (arm-none-eabi) using BFD version (xPack GNU Arm Embedded GCC  64-bit) 2.35.1.20201028]
  ignore line: [COMPILER_PATH=/home/nicholas/.local/xPacks/@xpack-dev-tools/arm-none-eabi-gcc/10.2.1-1.1.2/.content/bin/../libexec/gcc/arm-none-eabi/10.2.1/:/home/nicholas/.local/xPacks/@xpack-dev-tools/arm-none-eabi-gcc/10.2.1-1.1.2/.content/bin/../libexec/gcc/:/home/nicholas/.local/xPacks/@xpack-dev-tools/arm-none-eabi-gcc/10.2.1-1.1.2/.content/bin/../lib/gcc/arm-none-eabi/10.2.1/../../../../arm-none-eabi/bin/]
  ignore line: [LIBRARY_PATH=/home/nicholas/.local/xPacks/@xpack-dev-tools/arm-none-eabi-gcc/10.2.1-1.1.2/.content/bin/../lib/gcc/arm-none-eabi/10.2.1/thumb/v7e-m+fp/hard/:/home/nicholas/.local/xPacks/@xpack-dev-tools/arm-none-eabi-gcc/10.2.1-1.1.2/.content/bin/../lib/gcc/arm-none-eabi/10.2.1/../../../../arm-none-eabi/lib/thumb/v7e-m+fp/hard/:/home/nicholas/.local/xPacks/@xpack-dev-tools/arm-none-eabi-gcc/10.2.1-1.1.2/.content/bin/../arm-none-eabi/lib/thumb/v7e-m+fp/hard/:/home/nicholas/.local/xPacks/@xpack-dev-tools/arm-none-eabi-gcc/10.2.1-1.1.2/.content/bin/../lib/gcc/arm-none-eabi/10.2.1/:/home/nicholas/.local/xPacks/@xpack-dev-tools/arm-none-eabi-gcc/10.2.1-1.1.2/.content/bin/../lib/gcc/:/home/nicholas/.local/xPacks/@xpack-dev-tools/arm-none-eabi-gcc/10.2.1-1.1.2/.content/bin/../lib/gcc/arm-none-eabi/10.2.1/../../../../arm-none-eabi/lib/:/home/nicholas/.local/xPacks/@xpack-dev-tools/arm-none-eabi-gcc/10.2.1-1.1.2/.content/bin/../arm-none-eabi/lib/]
  ignore line: [COLLECT_GCC_OPTIONS='-mthumb' '-mcpu=cortex-m4' '-mfpu=fpv4-sp-d16' '-mfloat-abi=hard'  '-std=gnu99' '-ffunction-sections' '-fdata-sections' '-MD' '-Wall' '-Wpedantic' '-v' '-o' 'CMakeFiles/cmTC_74cf4.dir/CMakeCCompilerABI.c.o' '-c' '-march=armv7e-m+fp']
  ignore line: [Linking C static library libcmTC_74cf4.a]
  ignore line: [/home/nicholas/.local/xPacks/@xpack-dev-tools/cmake/3.19.8-1.1/.content/bin/cmake -P CMakeFiles/cmTC_74cf4.dir/cmake_clean_target.cmake]
  ignore line: [/home/nicholas/.local/xPacks/@xpack-dev-tools/cmake/3.19.8-1.1/.content/bin/cmake -E cmake_link_script CMakeFiles/cmTC_74cf4.dir/link.txt --verbose=1]
  ignore line: [arm-none-eabi-ar qc libcmTC_74cf4.a CMakeFiles/cmTC_74cf4.dir/CMakeCCompilerABI.c.o]
  ignore line: [/home/nicholas/development/swift/tm4c-first-boot-app/xpacks/.bin/arm-none-eabi-ranlib libcmTC_74cf4.a]
  ignore line: [make[1]: Leaving directory '/home/nicholas/development/swift/tm4c-first-boot-app/build/debug/CMakeFiles/CMakeTmp']
  ignore line: []
  ignore line: []
  implicit libs: []
  implicit dirs: []
  implicit fwks: []


Detecting CXX compiler ABI info compiled with the following output:
Change Dir: /home/nicholas/development/swift/tm4c-first-boot-app/build/debug/CMakeFiles/CMakeTmp

Run Build Command(s):/usr/bin/make cmTC_dc9db/fast && /usr/bin/make  -f CMakeFiles/cmTC_dc9db.dir/build.make CMakeFiles/cmTC_dc9db.dir/build
make[1]: Entering directory '/home/nicholas/development/swift/tm4c-first-boot-app/build/debug/CMakeFiles/CMakeTmp'
Building CXX object CMakeFiles/cmTC_dc9db.dir/CMakeCXXCompilerABI.cpp.o
arm-none-eabi-g++   -mthumb -mcpu=cortex-m4 -mfpu=fpv4-sp-d16 -mfloat-abi=hard -march=armv7e-m+fp -ffunction-sections -fdata-sections -MD -Wall -pedantic -fno-exceptions -fno-rtti    -v -o CMakeFiles/cmTC_dc9db.dir/CMakeCXXCompilerABI.cpp.o -c /home/nicholas/.local/xPacks/@xpack-dev-tools/cmake/3.19.8-1.1/.content/share/cmake-3.19/Modules/CMakeCXXCompilerABI.cpp
Using built-in specs.
COLLECT_GCC=arm-none-eabi-g++
Target: arm-none-eabi
Configured with: /Host/home/ilg/Work/arm-none-eabi-gcc-10.2.1-1.1/sources/gcc/configure --prefix=/Host/home/ilg/Work/arm-none-eabi-gcc-10.2.1-1.1/linux-x64/install/arm-none-eabi-gcc --infodir=/Host/home/ilg/Work/arm-none-eabi-gcc-10.2.1-1.1/linux-x64/install/arm-none-eabi-gcc/share/doc/info --mandir=/Host/home/ilg/Work/arm-none-eabi-gcc-10.2.1-1.1/linux-x64/install/arm-none-eabi-gcc/share/doc/man --htmldir=/Host/home/ilg/Work/arm-none-eabi-gcc-10.2.1-1.1/linux-x64/install/arm-none-eabi-gcc/share/doc/html --pdfdir=/Host/home/ilg/Work/arm-none-eabi-gcc-10.2.1-1.1/linux-x64/install/arm-none-eabi-gcc/share/doc/pdf --build=x86_64-unknown-linux-gnu --host=x86_64-unknown-linux-gnu --target=arm-none-eabi --with-pkgversion='xPack GNU Arm Embedded GCC\x2C 64-bit' --enable-languages=c,c++ --disable-mingw-wildcard --enable-plugins --enable-lto --disable-decimal-float --disable-libffi --disable-libgomp --disable-libmudflap --disable-libquadmath --disable-libssp --disable-libstdcxx-pch --disable-nls --disable-threads --disable-tls --with-gnu-as --with-gnu-ld --with-newlib --with-headers=yes --with-python-dir=share/gcc-arm-none-eabi --with-sysroot=/Host/home/ilg/Work/arm-none-eabi-gcc-10.2.1-1.1/linux-x64/install/arm-none-eabi-gcc/arm-none-eabi --with-native-system-header-dir=/include --with-multilib-list=rmprofile --disable-build-format-warnings --with-system-zlib
Thread model: single
Supported LTO compression algorithms: zlib
gcc version 10.2.1 20201103 (release) (xPack GNU Arm Embedded GCC, 64-bit) 
COLLECT_GCC_OPTIONS='-mthumb' '-mcpu=cortex-m4' '-mfpu=fpv4-sp-d16' '-mfloat-abi=hard'  '-ffunction-sections' '-fdata-sections' '-MD' '-Wall' '-Wpedantic' '-fno-exceptions' '-fno-rtti' '-v' '-o' 'CMakeFiles/cmTC_dc9db.dir/CMakeCXXCompilerABI.cpp.o' '-c' '-march=armv7e-m+fp'
 /home/nicholas/.local/xPacks/@xpack-dev-tools/arm-none-eabi-gcc/10.2.1-1.1.2/.content/bin/../libexec/gcc/arm-none-eabi/10.2.1/cc1plus -quiet -v -imultilib thumb/v7e-m+fp/hard -iprefix /home/nicholas/.local/xPacks/@xpack-dev-tools/arm-none-eabi-gcc/10.2.1-1.1.2/.content/bin/../lib/gcc/arm-none-eabi/10.2.1/ -isysroot /home/nicholas/.local/xPacks/@xpack-dev-tools/arm-none-eabi-gcc/10.2.1-1.1.2/.content/bin/../arm-none-eabi -MD CMakeFiles/cmTC_dc9db.dir/CMakeCXXCompilerABI.cpp.d -MQ CMakeFiles/cmTC_dc9db.dir/CMakeCXXCompilerABI.cpp.o -D__USES_INITFINI__ /home/nicholas/.local/xPacks/@xpack-dev-tools/cmake/3.19.8-1.1/.content/share/cmake-3.19/Modules/CMakeCXXCompilerABI.cpp -quiet -dumpbase CMakeCXXCompilerABI.cpp -mthumb -mcpu=cortex-m4 -mfpu=fpv4-sp-d16 -mfloat-abi=hard -march=armv7e-m+fp -auxbase-strip CMakeFiles/cmTC_dc9db.dir/CMakeCXXCompilerABI.cpp.o -Wall -Wpedantic -version -ffunction-sections -fdata-sections -fno-exceptions -fno-rtti -o /tmp/cc1EwSAZ.s
GNU C++14 (xPack GNU Arm Embedded GCC, 64-bit) version 10.2.1 20201103 (release) (arm-none-eabi)
	compiled by GNU C version 9.3.0, GMP version 6.1.0, MPFR version 3.1.4, MPC version 1.0.3, isl version isl-0.18-GMP

GGC heuristics: --param ggc-min-expand=100 --param ggc-min-heapsize=131072
ignoring duplicate directory "/home/nicholas/.local/xPacks/@xpack-dev-tools/arm-none-eabi-gcc/10.2.1-1.1.2/.content/bin/../lib/gcc/../../lib/gcc/arm-none-eabi/10.2.1/../../../../arm-none-eabi/include/c++/10.2.1"
ignoring duplicate directory "/home/nicholas/.local/xPacks/@xpack-dev-tools/arm-none-eabi-gcc/10.2.1-1.1.2/.content/bin/../lib/gcc/../../lib/gcc/arm-none-eabi/10.2.1/../../../../arm-none-eabi/include/c++/10.2.1/arm-none-eabi/thumb/v7e-m+fp/hard"
ignoring duplicate directory "/home/nicholas/.local/xPacks/@xpack-dev-tools/arm-none-eabi-gcc/10.2.1-1.1.2/.content/bin/../lib/gcc/../../lib/gcc/arm-none-eabi/10.2.1/../../../../arm-none-eabi/include/c++/10.2.1/backward"
ignoring duplicate directory "/home/nicholas/.local/xPacks/@xpack-dev-tools/arm-none-eabi-gcc/10.2.1-1.1.2/.content/bin/../lib/gcc/../../lib/gcc/arm-none-eabi/10.2.1/include"
ignoring nonexistent directory "/home/nicholas/.local/xPacks/@xpack-dev-tools/arm-none-eabi-gcc/10.2.1-1.1.2/.content/bin/../arm-none-eabi/usr/local/include"
ignoring duplicate directory "/home/nicholas/.local/xPacks/@xpack-dev-tools/arm-none-eabi-gcc/10.2.1-1.1.2/.content/bin/../lib/gcc/../../lib/gcc/arm-none-eabi/10.2.1/include-fixed"
ignoring duplicate directory "/home/nicholas/.local/xPacks/@xpack-dev-tools/arm-none-eabi-gcc/10.2.1-1.1.2/.content/bin/../lib/gcc/../../lib/gcc/arm-none-eabi/10.2.1/../../../../arm-none-eabi/include"
ignoring duplicate directory "/home/nicholas/.local/xPacks/@xpack-dev-tools/arm-none-eabi-gcc/10.2.1-1.1.2/.content/bin/../arm-none-eabi/include"
#include "..." search starts here:
#include <...> search starts here:
 /home/nicholas/.local/xPacks/@xpack-dev-tools/arm-none-eabi-gcc/10.2.1-1.1.2/.content/bin/../lib/gcc/arm-none-eabi/10.2.1/../../../../arm-none-eabi/include/c++/10.2.1
 /home/nicholas/.local/xPacks/@xpack-dev-tools/arm-none-eabi-gcc/10.2.1-1.1.2/.content/bin/../lib/gcc/arm-none-eabi/10.2.1/../../../../arm-none-eabi/include/c++/10.2.1/arm-none-eabi/thumb/v7e-m+fp/hard
 /home/nicholas/.local/xPacks/@xpack-dev-tools/arm-none-eabi-gcc/10.2.1-1.1.2/.content/bin/../lib/gcc/arm-none-eabi/10.2.1/../../../../arm-none-eabi/include/c++/10.2.1/backward
 /home/nicholas/.local/xPacks/@xpack-dev-tools/arm-none-eabi-gcc/10.2.1-1.1.2/.content/bin/../lib/gcc/arm-none-eabi/10.2.1/include
 /home/nicholas/.local/xPacks/@xpack-dev-tools/arm-none-eabi-gcc/10.2.1-1.1.2/.content/bin/../lib/gcc/arm-none-eabi/10.2.1/include-fixed
 /home/nicholas/.local/xPacks/@xpack-dev-tools/arm-none-eabi-gcc/10.2.1-1.1.2/.content/bin/../lib/gcc/arm-none-eabi/10.2.1/../../../../arm-none-eabi/include
End of search list.
GNU C++14 (xPack GNU Arm Embedded GCC, 64-bit) version 10.2.1 20201103 (release) (arm-none-eabi)
	compiled by GNU C version 9.3.0, GMP version 6.1.0, MPFR version 3.1.4, MPC version 1.0.3, isl version isl-0.18-GMP

GGC heuristics: --param ggc-min-expand=100 --param ggc-min-heapsize=131072
Compiler executable checksum: 71eb8ea2c795d782dde0e36c6ff91c5f
COLLECT_GCC_OPTIONS='-mthumb' '-mcpu=cortex-m4' '-mfpu=fpv4-sp-d16' '-mfloat-abi=hard'  '-ffunction-sections' '-fdata-sections' '-MD' '-Wall' '-Wpedantic' '-fno-exceptions' '-fno-rtti' '-v' '-o' 'CMakeFiles/cmTC_dc9db.dir/CMakeCXXCompilerABI.cpp.o' '-c' '-march=armv7e-m+fp'
 /home/nicholas/.local/xPacks/@xpack-dev-tools/arm-none-eabi-gcc/10.2.1-1.1.2/.content/bin/../lib/gcc/arm-none-eabi/10.2.1/../../../../arm-none-eabi/bin/as -v -march=armv7e-m -mfloat-abi=hard -mfpu=fpv4-sp-d16 -meabi=5 -o CMakeFiles/cmTC_dc9db.dir/CMakeCXXCompilerABI.cpp.o /tmp/cc1EwSAZ.s
GNU assembler version 2.35.1 (arm-none-eabi) using BFD version (xPack GNU Arm Embedded GCC, 64-bit) 2.35.1.20201028
COMPILER_PATH=/home/nicholas/.local/xPacks/@xpack-dev-tools/arm-none-eabi-gcc/10.2.1-1.1.2/.content/bin/../libexec/gcc/arm-none-eabi/10.2.1/:/home/nicholas/.local/xPacks/@xpack-dev-tools/arm-none-eabi-gcc/10.2.1-1.1.2/.content/bin/../libexec/gcc/:/home/nicholas/.local/xPacks/@xpack-dev-tools/arm-none-eabi-gcc/10.2.1-1.1.2/.content/bin/../lib/gcc/arm-none-eabi/10.2.1/../../../../arm-none-eabi/bin/
LIBRARY_PATH=/home/nicholas/.local/xPacks/@xpack-dev-tools/arm-none-eabi-gcc/10.2.1-1.1.2/.content/bin/../lib/gcc/arm-none-eabi/10.2.1/thumb/v7e-m+fp/hard/:/home/nicholas/.local/xPacks/@xpack-dev-tools/arm-none-eabi-gcc/10.2.1-1.1.2/.content/bin/../lib/gcc/arm-none-eabi/10.2.1/../../../../arm-none-eabi/lib/thumb/v7e-m+fp/hard/:/home/nicholas/.local/xPacks/@xpack-dev-tools/arm-none-eabi-gcc/10.2.1-1.1.2/.content/bin/../arm-none-eabi/lib/thumb/v7e-m+fp/hard/:/home/nicholas/.local/xPacks/@xpack-dev-tools/arm-none-eabi-gcc/10.2.1-1.1.2/.content/bin/../lib/gcc/arm-none-eabi/10.2.1/:/home/nicholas/.local/xPacks/@xpack-dev-tools/arm-none-eabi-gcc/10.2.1-1.1.2/.content/bin/../lib/gcc/:/home/nicholas/.local/xPacks/@xpack-dev-tools/arm-none-eabi-gcc/10.2.1-1.1.2/.content/bin/../lib/gcc/arm-none-eabi/10.2.1/../../../../arm-none-eabi/lib/:/home/nicholas/.local/xPacks/@xpack-dev-tools/arm-none-eabi-gcc/10.2.1-1.1.2/.content/bin/../arm-none-eabi/lib/
COLLECT_GCC_OPTIONS='-mthumb' '-mcpu=cortex-m4' '-mfpu=fpv4-sp-d16' '-mfloat-abi=hard'  '-ffunction-sections' '-fdata-sections' '-MD' '-Wall' '-Wpedantic' '-fno-exceptions' '-fno-rtti' '-v' '-o' 'CMakeFiles/cmTC_dc9db.dir/CMakeCXXCompilerABI.cpp.o' '-c' '-march=armv7e-m+fp'
Linking CXX static library libcmTC_dc9db.a
/home/nicholas/.local/xPacks/@xpack-dev-tools/cmake/3.19.8-1.1/.content/bin/cmake -P CMakeFiles/cmTC_dc9db.dir/cmake_clean_target.cmake
/home/nicholas/.local/xPacks/@xpack-dev-tools/cmake/3.19.8-1.1/.content/bin/cmake -E cmake_link_script CMakeFiles/cmTC_dc9db.dir/link.txt --verbose=1
arm-none-eabi-ar qc libcmTC_dc9db.a CMakeFiles/cmTC_dc9db.dir/CMakeCXXCompilerABI.cpp.o
/home/nicholas/development/swift/tm4c-first-boot-app/xpacks/.bin/arm-none-eabi-ranlib libcmTC_dc9db.a
make[1]: Leaving directory '/home/nicholas/development/swift/tm4c-first-boot-app/build/debug/CMakeFiles/CMakeTmp'



Parsed CXX implicit include dir info from above output: rv=done
  found start of include info
  found start of implicit include info
    add: [/home/nicholas/.local/xPacks/@xpack-dev-tools/arm-none-eabi-gcc/10.2.1-1.1.2/.content/bin/../lib/gcc/arm-none-eabi/10.2.1/../../../../arm-none-eabi/include/c++/10.2.1]
    add: [/home/nicholas/.local/xPacks/@xpack-dev-tools/arm-none-eabi-gcc/10.2.1-1.1.2/.content/bin/../lib/gcc/arm-none-eabi/10.2.1/../../../../arm-none-eabi/include/c++/10.2.1/arm-none-eabi/thumb/v7e-m+fp/hard]
    add: [/home/nicholas/.local/xPacks/@xpack-dev-tools/arm-none-eabi-gcc/10.2.1-1.1.2/.content/bin/../lib/gcc/arm-none-eabi/10.2.1/../../../../arm-none-eabi/include/c++/10.2.1/backward]
    add: [/home/nicholas/.local/xPacks/@xpack-dev-tools/arm-none-eabi-gcc/10.2.1-1.1.2/.content/bin/../lib/gcc/arm-none-eabi/10.2.1/include]
    add: [/home/nicholas/.local/xPacks/@xpack-dev-tools/arm-none-eabi-gcc/10.2.1-1.1.2/.content/bin/../lib/gcc/arm-none-eabi/10.2.1/include-fixed]
    add: [/home/nicholas/.local/xPacks/@xpack-dev-tools/arm-none-eabi-gcc/10.2.1-1.1.2/.content/bin/../lib/gcc/arm-none-eabi/10.2.1/../../../../arm-none-eabi/include]
  end of search list found
  collapse include dir [/home/nicholas/.local/xPacks/@xpack-dev-tools/arm-none-eabi-gcc/10.2.1-1.1.2/.content/bin/../lib/gcc/arm-none-eabi/10.2.1/../../../../arm-none-eabi/include/c++/10.2.1] ==> [/home/nicholas/.local/xPacks/@xpack-dev-tools/arm-none-eabi-gcc/10.2.1-1.1.2/.content/arm-none-eabi/include/c++/10.2.1]
  collapse include dir [/home/nicholas/.local/xPacks/@xpack-dev-tools/arm-none-eabi-gcc/10.2.1-1.1.2/.content/bin/../lib/gcc/arm-none-eabi/10.2.1/../../../../arm-none-eabi/include/c++/10.2.1/arm-none-eabi/thumb/v7e-m+fp/hard] ==> [/home/nicholas/.local/xPacks/@xpack-dev-tools/arm-none-eabi-gcc/10.2.1-1.1.2/.content/arm-none-eabi/include/c++/10.2.1/arm-none-eabi/thumb/v7e-m+fp/hard]
  collapse include dir [/home/nicholas/.local/xPacks/@xpack-dev-tools/arm-none-eabi-gcc/10.2.1-1.1.2/.content/bin/../lib/gcc/arm-none-eabi/10.2.1/../../../../arm-none-eabi/include/c++/10.2.1/backward] ==> [/home/nicholas/.local/xPacks/@xpack-dev-tools/arm-none-eabi-gcc/10.2.1-1.1.2/.content/arm-none-eabi/include/c++/10.2.1/backward]
  collapse include dir [/home/nicholas/.local/xPacks/@xpack-dev-tools/arm-none-eabi-gcc/10.2.1-1.1.2/.content/bin/../lib/gcc/arm-none-eabi/10.2.1/include] ==> [/home/nicholas/.local/xPacks/@xpack-dev-tools/arm-none-eabi-gcc/10.2.1-1.1.2/.content/lib/gcc/arm-none-eabi/10.2.1/include]
  collapse include dir [/home/nicholas/.local/xPacks/@xpack-dev-tools/arm-none-eabi-gcc/10.2.1-1.1.2/.content/bin/../lib/gcc/arm-none-eabi/10.2.1/include-fixed] ==> [/home/nicholas/.local/xPacks/@xpack-dev-tools/arm-none-eabi-gcc/10.2.1-1.1.2/.content/lib/gcc/arm-none-eabi/10.2.1/include-fixed]
  collapse include dir [/home/nicholas/.local/xPacks/@xpack-dev-tools/arm-none-eabi-gcc/10.2.1-1.1.2/.content/bin/../lib/gcc/arm-none-eabi/10.2.1/../../../../arm-none-eabi/include] ==> [/home/nicholas/.local/xPacks/@xpack-dev-tools/arm-none-eabi-gcc/10.2.1-1.1.2/.content/arm-none-eabi/include]
  implicit include dirs: [/home/nicholas/.local/xPacks/@xpack-dev-tools/arm-none-eabi-gcc/10.2.1-1.1.2/.content/arm-none-eabi/include/c++/10.2.1;/home/nicholas/.local/xPacks/@xpack-dev-tools/arm-none-eabi-gcc/10.2.1-1.1.2/.content/arm-none-eabi/include/c++/10.2.1/arm-none-eabi/thumb/v7e-m+fp/hard;/home/nicholas/.local/xPacks/@xpack-dev-tools/arm-none-eabi-gcc/10.2.1-1.1.2/.content/arm-none-eabi/include/c++/10.2.1/backward;/home/nicholas/.local/xPacks/@xpack-dev-tools/arm-none-eabi-gcc/10.2.1-1.1.2/.content/lib/gcc/arm-none-eabi/10.2.1/include;/home/nicholas/.local/xPacks/@xpack-dev-tools/arm-none-eabi-gcc/10.2.1-1.1.2/.content/lib/gcc/arm-none-eabi/10.2.1/include-fixed;/home/nicholas/.local/xPacks/@xpack-dev-tools/arm-none-eabi-gcc/10.2.1-1.1.2/.content/arm-none-eabi/include]


Parsed CXX implicit link information from above output:
  link line regex: [^( *|.*[/\])(arm-none-eabi-ld|CMAKE_LINK_STARTFILE-NOTFOUND|([^/\]+-)?ld|collect2)[^/\]*( |$)]
  ignore line: [Change Dir: /home/nicholas/development/swift/tm4c-first-boot-app/build/debug/CMakeFiles/CMakeTmp]
  ignore line: []
  ignore line: [Run Build Command(s):/usr/bin/make cmTC_dc9db/fast && /usr/bin/make  -f CMakeFiles/cmTC_dc9db.dir/build.make CMakeFiles/cmTC_dc9db.dir/build]
  ignore line: [make[1]: Entering directory '/home/nicholas/development/swift/tm4c-first-boot-app/build/debug/CMakeFiles/CMakeTmp']
  ignore line: [Building CXX object CMakeFiles/cmTC_dc9db.dir/CMakeCXXCompilerABI.cpp.o]
  ignore line: [arm-none-eabi-g++   -mthumb -mcpu=cortex-m4 -mfpu=fpv4-sp-d16 -mfloat-abi=hard -march=armv7e-m+fp -ffunction-sections -fdata-sections -MD -Wall -pedantic -fno-exceptions -fno-rtti    -v -o CMakeFiles/cmTC_dc9db.dir/CMakeCXXCompilerABI.cpp.o -c /home/nicholas/.local/xPacks/@xpack-dev-tools/cmake/3.19.8-1.1/.content/share/cmake-3.19/Modules/CMakeCXXCompilerABI.cpp]
  ignore line: [Using built-in specs.]
  ignore line: [COLLECT_GCC=arm-none-eabi-g++]
  ignore line: [Target: arm-none-eabi]
  ignore line: [Configured with: /Host/home/ilg/Work/arm-none-eabi-gcc-10.2.1-1.1/sources/gcc/configure --prefix=/Host/home/ilg/Work/arm-none-eabi-gcc-10.2.1-1.1/linux-x64/install/arm-none-eabi-gcc --infodir=/Host/home/ilg/Work/arm-none-eabi-gcc-10.2.1-1.1/linux-x64/install/arm-none-eabi-gcc/share/doc/info --mandir=/Host/home/ilg/Work/arm-none-eabi-gcc-10.2.1-1.1/linux-x64/install/arm-none-eabi-gcc/share/doc/man --htmldir=/Host/home/ilg/Work/arm-none-eabi-gcc-10.2.1-1.1/linux-x64/install/arm-none-eabi-gcc/share/doc/html --pdfdir=/Host/home/ilg/Work/arm-none-eabi-gcc-10.2.1-1.1/linux-x64/install/arm-none-eabi-gcc/share/doc/pdf --build=x86_64-unknown-linux-gnu --host=x86_64-unknown-linux-gnu --target=arm-none-eabi --with-pkgversion='xPack GNU Arm Embedded GCC\x2C 64-bit' --enable-languages=c,c++ --disable-mingw-wildcard --enable-plugins --enable-lto --disable-decimal-float --disable-libffi --disable-libgomp --disable-libmudflap --disable-libquadmath --disable-libssp --disable-libstdcxx-pch --disable-nls --disable-threads --disable-tls --with-gnu-as --with-gnu-ld --with-newlib --with-headers=yes --with-python-dir=share/gcc-arm-none-eabi --with-sysroot=/Host/home/ilg/Work/arm-none-eabi-gcc-10.2.1-1.1/linux-x64/install/arm-none-eabi-gcc/arm-none-eabi --with-native-system-header-dir=/include --with-multilib-list=rmprofile --disable-build-format-warnings --with-system-zlib]
  ignore line: [Thread model: single]
  ignore line: [Supported LTO compression algorithms: zlib]
  ignore line: [gcc version 10.2.1 20201103 (release) (xPack GNU Arm Embedded GCC  64-bit) ]
  ignore line: [COLLECT_GCC_OPTIONS='-mthumb' '-mcpu=cortex-m4' '-mfpu=fpv4-sp-d16' '-mfloat-abi=hard'  '-ffunction-sections' '-fdata-sections' '-MD' '-Wall' '-Wpedantic' '-fno-exceptions' '-fno-rtti' '-v' '-o' 'CMakeFiles/cmTC_dc9db.dir/CMakeCXXCompilerABI.cpp.o' '-c' '-march=armv7e-m+fp']
  ignore line: [ /home/nicholas/.local/xPacks/@xpack-dev-tools/arm-none-eabi-gcc/10.2.1-1.1.2/.content/bin/../libexec/gcc/arm-none-eabi/10.2.1/cc1plus -quiet -v -imultilib thumb/v7e-m+fp/hard -iprefix /home/nicholas/.local/xPacks/@xpack-dev-tools/arm-none-eabi-gcc/10.2.1-1.1.2/.content/bin/../lib/gcc/arm-none-eabi/10.2.1/ -isysroot /home/nicholas/.local/xPacks/@xpack-dev-tools/arm-none-eabi-gcc/10.2.1-1.1.2/.content/bin/../arm-none-eabi -MD CMakeFiles/cmTC_dc9db.dir/CMakeCXXCompilerABI.cpp.d -MQ CMakeFiles/cmTC_dc9db.dir/CMakeCXXCompilerABI.cpp.o -D__USES_INITFINI__ /home/nicholas/.local/xPacks/@xpack-dev-tools/cmake/3.19.8-1.1/.content/share/cmake-3.19/Modules/CMakeCXXCompilerABI.cpp -quiet -dumpbase CMakeCXXCompilerABI.cpp -mthumb -mcpu=cortex-m4 -mfpu=fpv4-sp-d16 -mfloat-abi=hard -march=armv7e-m+fp -auxbase-strip CMakeFiles/cmTC_dc9db.dir/CMakeCXXCompilerABI.cpp.o -Wall -Wpedantic -version -ffunction-sections -fdata-sections -fno-exceptions -fno-rtti -o /tmp/cc1EwSAZ.s]
  ignore line: [GNU C++14 (xPack GNU Arm Embedded GCC  64-bit) version 10.2.1 20201103 (release) (arm-none-eabi)]
  ignore line: [	compiled by GNU C version 9.3.0  GMP version 6.1.0  MPFR version 3.1.4  MPC version 1.0.3  isl version isl-0.18-GMP]
  ignore line: []
  ignore line: [GGC heuristics: --param ggc-min-expand=100 --param ggc-min-heapsize=131072]
  ignore line: [ignoring duplicate directory "/home/nicholas/.local/xPacks/@xpack-dev-tools/arm-none-eabi-gcc/10.2.1-1.1.2/.content/bin/../lib/gcc/../../lib/gcc/arm-none-eabi/10.2.1/../../../../arm-none-eabi/include/c++/10.2.1"]
  ignore line: [ignoring duplicate directory "/home/nicholas/.local/xPacks/@xpack-dev-tools/arm-none-eabi-gcc/10.2.1-1.1.2/.content/bin/../lib/gcc/../../lib/gcc/arm-none-eabi/10.2.1/../../../../arm-none-eabi/include/c++/10.2.1/arm-none-eabi/thumb/v7e-m+fp/hard"]
  ignore line: [ignoring duplicate directory "/home/nicholas/.local/xPacks/@xpack-dev-tools/arm-none-eabi-gcc/10.2.1-1.1.2/.content/bin/../lib/gcc/../../lib/gcc/arm-none-eabi/10.2.1/../../../../arm-none-eabi/include/c++/10.2.1/backward"]
  ignore line: [ignoring duplicate directory "/home/nicholas/.local/xPacks/@xpack-dev-tools/arm-none-eabi-gcc/10.2.1-1.1.2/.content/bin/../lib/gcc/../../lib/gcc/arm-none-eabi/10.2.1/include"]
  ignore line: [ignoring nonexistent directory "/home/nicholas/.local/xPacks/@xpack-dev-tools/arm-none-eabi-gcc/10.2.1-1.1.2/.content/bin/../arm-none-eabi/usr/local/include"]
  ignore line: [ignoring duplicate directory "/home/nicholas/.local/xPacks/@xpack-dev-tools/arm-none-eabi-gcc/10.2.1-1.1.2/.content/bin/../lib/gcc/../../lib/gcc/arm-none-eabi/10.2.1/include-fixed"]
  ignore line: [ignoring duplicate directory "/home/nicholas/.local/xPacks/@xpack-dev-tools/arm-none-eabi-gcc/10.2.1-1.1.2/.content/bin/../lib/gcc/../../lib/gcc/arm-none-eabi/10.2.1/../../../../arm-none-eabi/include"]
  ignore line: [ignoring duplicate directory "/home/nicholas/.local/xPacks/@xpack-dev-tools/arm-none-eabi-gcc/10.2.1-1.1.2/.content/bin/../arm-none-eabi/include"]
  ignore line: [#include "..." search starts here:]
  ignore line: [#include <...> search starts here:]
  ignore line: [ /home/nicholas/.local/xPacks/@xpack-dev-tools/arm-none-eabi-gcc/10.2.1-1.1.2/.content/bin/../lib/gcc/arm-none-eabi/10.2.1/../../../../arm-none-eabi/include/c++/10.2.1]
  ignore line: [ /home/nicholas/.local/xPacks/@xpack-dev-tools/arm-none-eabi-gcc/10.2.1-1.1.2/.content/bin/../lib/gcc/arm-none-eabi/10.2.1/../../../../arm-none-eabi/include/c++/10.2.1/arm-none-eabi/thumb/v7e-m+fp/hard]
  ignore line: [ /home/nicholas/.local/xPacks/@xpack-dev-tools/arm-none-eabi-gcc/10.2.1-1.1.2/.content/bin/../lib/gcc/arm-none-eabi/10.2.1/../../../../arm-none-eabi/include/c++/10.2.1/backward]
  ignore line: [ /home/nicholas/.local/xPacks/@xpack-dev-tools/arm-none-eabi-gcc/10.2.1-1.1.2/.content/bin/../lib/gcc/arm-none-eabi/10.2.1/include]
  ignore line: [ /home/nicholas/.local/xPacks/@xpack-dev-tools/arm-none-eabi-gcc/10.2.1-1.1.2/.content/bin/../lib/gcc/arm-none-eabi/10.2.1/include-fixed]
  ignore line: [ /home/nicholas/.local/xPacks/@xpack-dev-tools/arm-none-eabi-gcc/10.2.1-1.1.2/.content/bin/../lib/gcc/arm-none-eabi/10.2.1/../../../../arm-none-eabi/include]
  ignore line: [End of search list.]
  ignore line: [GNU C++14 (xPack GNU Arm Embedded GCC  64-bit) version 10.2.1 20201103 (release) (arm-none-eabi)]
  ignore line: [	compiled by GNU C version 9.3.0  GMP version 6.1.0  MPFR version 3.1.4  MPC version 1.0.3  isl version isl-0.18-GMP]
  ignore line: []
  ignore line: [GGC heuristics: --param ggc-min-expand=100 --param ggc-min-heapsize=131072]
  ignore line: [Compiler executable checksum: 71eb8ea2c795d782dde0e36c6ff91c5f]
  ignore line: [COLLECT_GCC_OPTIONS='-mthumb' '-mcpu=cortex-m4' '-mfpu=fpv4-sp-d16' '-mfloat-abi=hard'  '-ffunction-sections' '-fdata-sections' '-MD' '-Wall' '-Wpedantic' '-fno-exceptions' '-fno-rtti' '-v' '-o' 'CMakeFiles/cmTC_dc9db.dir/CMakeCXXCompilerABI.cpp.o' '-c' '-march=armv7e-m+fp']
  ignore line: [ /home/nicholas/.local/xPacks/@xpack-dev-tools/arm-none-eabi-gcc/10.2.1-1.1.2/.content/bin/../lib/gcc/arm-none-eabi/10.2.1/../../../../arm-none-eabi/bin/as -v -march=armv7e-m -mfloat-abi=hard -mfpu=fpv4-sp-d16 -meabi=5 -o CMakeFiles/cmTC_dc9db.dir/CMakeCXXCompilerABI.cpp.o /tmp/cc1EwSAZ.s]
  ignore line: [GNU assembler version 2.35.1 (arm-none-eabi) using BFD version (xPack GNU Arm Embedded GCC  64-bit) 2.35.1.20201028]
  ignore line: [COMPILER_PATH=/home/nicholas/.local/xPacks/@xpack-dev-tools/arm-none-eabi-gcc/10.2.1-1.1.2/.content/bin/../libexec/gcc/arm-none-eabi/10.2.1/:/home/nicholas/.local/xPacks/@xpack-dev-tools/arm-none-eabi-gcc/10.2.1-1.1.2/.content/bin/../libexec/gcc/:/home/nicholas/.local/xPacks/@xpack-dev-tools/arm-none-eabi-gcc/10.2.1-1.1.2/.content/bin/../lib/gcc/arm-none-eabi/10.2.1/../../../../arm-none-eabi/bin/]
  ignore line: [LIBRARY_PATH=/home/nicholas/.local/xPacks/@xpack-dev-tools/arm-none-eabi-gcc/10.2.1-1.1.2/.content/bin/../lib/gcc/arm-none-eabi/10.2.1/thumb/v7e-m+fp/hard/:/home/nicholas/.local/xPacks/@xpack-dev-tools/arm-none-eabi-gcc/10.2.1-1.1.2/.content/bin/../lib/gcc/arm-none-eabi/10.2.1/../../../../arm-none-eabi/lib/thumb/v7e-m+fp/hard/:/home/nicholas/.local/xPacks/@xpack-dev-tools/arm-none-eabi-gcc/10.2.1-1.1.2/.content/bin/../arm-none-eabi/lib/thumb/v7e-m+fp/hard/:/home/nicholas/.local/xPacks/@xpack-dev-tools/arm-none-eabi-gcc/10.2.1-1.1.2/.content/bin/../lib/gcc/arm-none-eabi/10.2.1/:/home/nicholas/.local/xPacks/@xpack-dev-tools/arm-none-eabi-gcc/10.2.1-1.1.2/.content/bin/../lib/gcc/:/home/nicholas/.local/xPacks/@xpack-dev-tools/arm-none-eabi-gcc/10.2.1-1.1.2/.content/bin/../lib/gcc/arm-none-eabi/10.2.1/../../../../arm-none-eabi/lib/:/home/nicholas/.local/xPacks/@xpack-dev-tools/arm-none-eabi-gcc/10.2.1-1.1.2/.content/bin/../arm-none-eabi/lib/]
  ignore line: [COLLECT_GCC_OPTIONS='-mthumb' '-mcpu=cortex-m4' '-mfpu=fpv4-sp-d16' '-mfloat-abi=hard'  '-ffunction-sections' '-fdata-sections' '-MD' '-Wall' '-Wpedantic' '-fno-exceptions' '-fno-rtti' '-v' '-o' 'CMakeFiles/cmTC_dc9db.dir/CMakeCXXCompilerABI.cpp.o' '-c' '-march=armv7e-m+fp']
  ignore line: [Linking CXX static library libcmTC_dc9db.a]
  ignore line: [/home/nicholas/.local/xPacks/@xpack-dev-tools/cmake/3.19.8-1.1/.content/bin/cmake -P CMakeFiles/cmTC_dc9db.dir/cmake_clean_target.cmake]
  ignore line: [/home/nicholas/.local/xPacks/@xpack-dev-tools/cmake/3.19.8-1.1/.content/bin/cmake -E cmake_link_script CMakeFiles/cmTC_dc9db.dir/link.txt --verbose=1]
  ignore line: [arm-none-eabi-ar qc libcmTC_dc9db.a CMakeFiles/cmTC_dc9db.dir/CMakeCXXCompilerABI.cpp.o]
  ignore line: [/home/nicholas/development/swift/tm4c-first-boot-app/xpacks/.bin/arm-none-eabi-ranlib libcmTC_dc9db.a]
  ignore line: [make[1]: Leaving directory '/home/nicholas/development/swift/tm4c-first-boot-app/build/debug/CMakeFiles/CMakeTmp']
  ignore line: []
  ignore line: []
  implicit libs: []
  implicit dirs: []
  implicit fwks: []


Checking whether the ASM compiler is GNU using "--version" matched "(GNU assembler)|(GCC)|(Free Software Foundation)":
GNU assembler (xPack GNU Arm Embedded GCC, 64-bit) 2.35.1.20201028
Copyright (C) 2020 Free Software Foundation, Inc.
This program is free software; you may redistribute it under the terms of
the GNU General Public License version 3 or later.
This program has absolutely no warranty.
This assembler was configured for a target of `arm-none-eabi'.
